–∞–≤–≥ 02, 2014 11:41:42 AM org.apache.catalina.core.AprLifecycleListener init
INFO: The APR based Apache Tomcat Native library which allows optimal performance in production environments was not found on the java.library.path: C:\Program Files\Java\jdk1.8.0_11\bin;C:\Windows\Sun\Java\bin;C:\Windows\system32;C:\Windows;C:\Program Files (x86)\NVIDIA Corporation\PhysX\Common;C:\Windows\system32;C:\Windows;C:\Windows\System32\Wbem;C:\Windows\System32\WindowsPowerShell\v1.0\;c:\Program Files (x86)\Microsoft SQL Server\100\Tools\Binn\;c:\Program Files\Microsoft SQL Server\100\Tools\Binn\;c:\Program Files\Microsoft SQL Server\100\DTS\Binn\;C:\Program Files (x86)\Autodesk\Backburner\;C:\Program Files (x86)\MySQL\MySQL Utilities 1.3.6\;.
–∞–≤–≥ 02, 2014 11:41:43 AM org.apache.coyote.AbstractProtocol init
INFO: Initializing ProtocolHandler ["http-bio-8080"]
–∞–≤–≥ 02, 2014 11:41:43 AM org.apache.coyote.AbstractProtocol init
INFO: Initializing ProtocolHandler ["ajp-bio-8009"]
–∞–≤–≥ 02, 2014 11:41:43 AM org.apache.catalina.startup.Catalina load
INFO: Initialization processed in 1409 ms
–∞–≤–≥ 02, 2014 11:41:43 AM org.apache.catalina.core.StandardService startInternal
INFO: Starting service Catalina
–∞–≤–≥ 02, 2014 11:41:43 AM org.apache.catalina.core.StandardEngine startInternal
INFO: Starting Servlet Engine: Apache Tomcat/7.0.53
–∞–≤–≥ 02, 2014 11:41:43 AM org.apache.catalina.startup.HostConfig deployDirectory
INFO: Deploying web application directory C:\Users\KrasikovVE\Desktop\Java\–ü—Ä–∏–ª–æ–∂–µ–Ω–∏–µ –Ω–∞ –æ—Å–Ω–æ–≤–µ —à–∞–±–ª–æ–Ω–∞\build\tomcat\webapps\app
–∞–≤–≥ 02, 2014 11:41:44 AM org.apache.tomcat.util.digester.SetPropertiesRule begin
WARNING: [SetPropertiesRule]{Context/Manager} Setting property 'debug' to '0' did not find a matching property.
–∞–≤–≥ 02, 2014 11:41:45 AM com.haulmont.cuba.core.sys.logging.CubaLog4jConfigurator doConfigure
INFO: Configuring log4j from file:/C:\Users\KrasikovVE\Desktop\Java\–ü—Ä–∏–ª–æ–∂–µ–Ω–∏–µ –Ω–∞ –æ—Å–Ω–æ–≤–µ —à–∞–±–ª–æ–Ω–∞\build\tomcat/conf/log4j.xml
–∞–≤–≥ 02, 2014 11:41:51 AM org.apache.catalina.startup.HostConfig deployDirectory
INFO: Deploying web application directory C:\Users\KrasikovVE\Desktop\Java\–ü—Ä–∏–ª–æ–∂–µ–Ω–∏–µ –Ω–∞ –æ—Å–Ω–æ–≤–µ —à–∞–±–ª–æ–Ω–∞\build\tomcat\webapps\app-core
–∞–≤–≥ 02, 2014 11:41:51 AM org.apache.tomcat.util.digester.SetPropertiesRule begin
WARNING: [SetPropertiesRule]{Context/Manager} Setting property 'debug' to '0' did not find a matching property.
–∞–≤–≥ 02, 2014 11:42:01 AM org.apache.coyote.AbstractProtocol start
INFO: Starting ProtocolHandler ["http-bio-8080"]
–∞–≤–≥ 02, 2014 11:42:01 AM org.apache.coyote.AbstractProtocol start
INFO: Starting ProtocolHandler ["ajp-bio-8009"]
–∞–≤–≥ 02, 2014 11:42:01 AM org.apache.catalina.startup.Catalina start
INFO: Server startup in 17549 ms
–∞–≤–≥ 02, 2014 11:42:01 AM com.vaadin.server.DefaultDeploymentConfiguration checkProductionMode
WARNING: 
=================================================================
Vaadin is running in DEBUG MODE.
Add productionMode=true to web.xml to disable debug features.
To show debug window, add ?debug to your application URL.
=================================================================
–∞–≤–≥ 02, 2014 11:43:38 AM org.apache.catalina.core.StandardServer await
INFO: A valid shutdown command was received via the shutdown port. Stopping the Server instance.
–∞–≤–≥ 02, 2014 11:43:39 AM org.apache.coyote.AbstractProtocol pause
INFO: Pausing ProtocolHandler ["http-bio-8080"]
–∞–≤–≥ 02, 2014 11:43:39 AM org.apache.coyote.AbstractProtocol pause
INFO: Pausing ProtocolHandler ["ajp-bio-8009"]
–∞–≤–≥ 02, 2014 11:43:39 AM org.apache.catalina.core.StandardService stopInternal
INFO: Stopping service Catalina
–∞–≤–≥ 02, 2014 11:43:39 AM org.apache.catalina.loader.WebappClassLoader clearReferencesThreads
SEVERE: The web application [/app-core] appears to have started a thread named [Timer-0] but has failed to stop it. This is very likely to create a memory leak.
–∞–≤–≥ 02, 2014 11:43:39 AM org.apache.coyote.AbstractProtocol stop
INFO: Stopping ProtocolHandler ["http-bio-8080"]
–∞–≤–≥ 02, 2014 11:43:39 AM org.apache.coyote.AbstractProtocol stop
INFO: Stopping ProtocolHandler ["ajp-bio-8009"]
–∞–≤–≥ 02, 2014 11:43:39 AM org.apache.coyote.AbstractProtocol destroy
INFO: Destroying ProtocolHandler ["http-bio-8080"]
–∞–≤–≥ 02, 2014 11:43:39 AM org.apache.coyote.AbstractProtocol destroy
INFO: Destroying ProtocolHandler ["ajp-bio-8009"]
–∞–≤–≥ 02, 2014 12:11:56 PM org.apache.catalina.core.AprLifecycleListener init
INFO: The APR based Apache Tomcat Native library which allows optimal performance in production environments was not found on the java.library.path: C:\Program Files\Java\jdk1.8.0_11\bin;C:\Windows\Sun\Java\bin;C:\Windows\system32;C:\Windows;C:\Program Files (x86)\NVIDIA Corporation\PhysX\Common;C:\Windows\system32;C:\Windows;C:\Windows\System32\Wbem;C:\Windows\System32\WindowsPowerShell\v1.0\;c:\Program Files (x86)\Microsoft SQL Server\100\Tools\Binn\;c:\Program Files\Microsoft SQL Server\100\Tools\Binn\;c:\Program Files\Microsoft SQL Server\100\DTS\Binn\;C:\Program Files (x86)\Autodesk\Backburner\;C:\Program Files (x86)\MySQL\MySQL Utilities 1.3.6\;.
–∞–≤–≥ 02, 2014 12:11:57 PM org.apache.coyote.AbstractProtocol init
INFO: Initializing ProtocolHandler ["http-bio-8080"]
–∞–≤–≥ 02, 2014 12:11:57 PM org.apache.coyote.AbstractProtocol init
INFO: Initializing ProtocolHandler ["ajp-bio-8009"]
–∞–≤–≥ 02, 2014 12:11:57 PM org.apache.catalina.startup.Catalina load
INFO: Initialization processed in 1479 ms
–∞–≤–≥ 02, 2014 12:11:57 PM org.apache.catalina.core.StandardService startInternal
INFO: Starting service Catalina
–∞–≤–≥ 02, 2014 12:11:57 PM org.apache.catalina.core.StandardEngine startInternal
INFO: Starting Servlet Engine: Apache Tomcat/7.0.53
–∞–≤–≥ 02, 2014 12:11:57 PM org.apache.catalina.startup.HostConfig deployDirectory
INFO: Deploying web application directory C:\Users\KrasikovVE\Desktop\Java\–ü—Ä–∏–ª–æ–∂–µ–Ω–∏–µ –Ω–∞ –æ—Å–Ω–æ–≤–µ —à–∞–±–ª–æ–Ω–∞\build\tomcat\webapps\app
–∞–≤–≥ 02, 2014 12:11:58 PM org.apache.tomcat.util.digester.SetPropertiesRule begin
WARNING: [SetPropertiesRule]{Context/Manager} Setting property 'debug' to '0' did not find a matching property.
–∞–≤–≥ 02, 2014 12:11:59 PM com.haulmont.cuba.core.sys.logging.CubaLog4jConfigurator doConfigure
INFO: Configuring log4j from file:/C:\Users\KrasikovVE\Desktop\Java\–ü—Ä–∏–ª–æ–∂–µ–Ω–∏–µ –Ω–∞ –æ—Å–Ω–æ–≤–µ —à–∞–±–ª–æ–Ω–∞\build\tomcat/conf/log4j.xml
–∞–≤–≥ 02, 2014 12:12:06 PM org.apache.catalina.startup.HostConfig deployDirectory
INFO: Deploying web application directory C:\Users\KrasikovVE\Desktop\Java\–ü—Ä–∏–ª–æ–∂–µ–Ω–∏–µ –Ω–∞ –æ—Å–Ω–æ–≤–µ —à–∞–±–ª–æ–Ω–∞\build\tomcat\webapps\app-core
–∞–≤–≥ 02, 2014 12:12:06 PM org.apache.tomcat.util.digester.SetPropertiesRule begin
WARNING: [SetPropertiesRule]{Context/Manager} Setting property 'debug' to '0' did not find a matching property.
–∞–≤–≥ 02, 2014 12:12:14 PM org.apache.coyote.AbstractProtocol start
INFO: Starting ProtocolHandler ["http-bio-8080"]
–∞–≤–≥ 02, 2014 12:12:14 PM org.apache.coyote.AbstractProtocol start
INFO: Starting ProtocolHandler ["ajp-bio-8009"]
–∞–≤–≥ 02, 2014 12:12:14 PM org.apache.catalina.startup.Catalina start
INFO: Server startup in 16764 ms
–∞–≤–≥ 02, 2014 12:12:14 PM com.vaadin.server.DefaultDeploymentConfiguration checkProductionMode
WARNING: 
=================================================================
Vaadin is running in DEBUG MODE.
Add productionMode=true to web.xml to disable debug features.
To show debug window, add ?debug to your application URL.
=================================================================
–∞–≤–≥ 02, 2014 12:13:03 PM org.apache.catalina.core.StandardServer await
INFO: A valid shutdown command was received via the shutdown port. Stopping the Server instance.
–∞–≤–≥ 02, 2014 12:13:03 PM org.apache.coyote.AbstractProtocol pause
INFO: Pausing ProtocolHandler ["http-bio-8080"]
–∞–≤–≥ 02, 2014 12:13:03 PM org.apache.coyote.AbstractProtocol pause
INFO: Pausing ProtocolHandler ["ajp-bio-8009"]
–∞–≤–≥ 02, 2014 12:13:03 PM org.apache.catalina.core.StandardService stopInternal
INFO: Stopping service Catalina
–∞–≤–≥ 02, 2014 12:13:03 PM org.apache.catalina.loader.WebappClassLoader clearReferencesThreads
SEVERE: The web application [/app-core] appears to have started a thread named [Timer-0] but has failed to stop it. This is very likely to create a memory leak.
–∞–≤–≥ 02, 2014 12:13:03 PM org.apache.coyote.AbstractProtocol stop
INFO: Stopping ProtocolHandler ["http-bio-8080"]
–∞–≤–≥ 02, 2014 12:13:03 PM org.apache.coyote.AbstractProtocol stop
INFO: Stopping ProtocolHandler ["ajp-bio-8009"]
–∞–≤–≥ 02, 2014 12:13:03 PM org.apache.coyote.AbstractProtocol destroy
INFO: Destroying ProtocolHandler ["http-bio-8080"]
–∞–≤–≥ 02, 2014 12:13:03 PM org.apache.coyote.AbstractProtocol destroy
INFO: Destroying ProtocolHandler ["ajp-bio-8009"]
‡‚„ 02, 2014 12:23:01 PM org.apache.catalina.startup.Catalina stopServer
SEVERE: Could not contact localhost:8005. Tomcat may not be running.
‡‚„ 02, 2014 12:23:01 PM org.apache.catalina.startup.Catalina stopServer
SEVERE: Catalina.stop: 
java.net.ConnectException: Connection refused: connect
	at java.net.DualStackPlainSocketImpl.connect0(Native Method)
	at java.net.DualStackPlainSocketImpl.socketConnect(DualStackPlainSocketImpl.java:79)
	at java.net.AbstractPlainSocketImpl.doConnect(AbstractPlainSocketImpl.java:345)
	at java.net.AbstractPlainSocketImpl.connectToAddress(AbstractPlainSocketImpl.java:206)
	at java.net.AbstractPlainSocketImpl.connect(AbstractPlainSocketImpl.java:188)
	at java.net.PlainSocketImpl.connect(PlainSocketImpl.java:172)
	at java.net.SocksSocketImpl.connect(SocksSocketImpl.java:392)
	at java.net.Socket.connect(Socket.java:589)
	at java.net.Socket.connect(Socket.java:538)
	at java.net.Socket.<init>(Socket.java:434)
	at java.net.Socket.<init>(Socket.java:211)
	at org.apache.catalina.startup.Catalina.stopServer(Catalina.java:498)
	at sun.reflect.NativeMethodAccessorImpl.invoke0(Native Method)
	at sun.reflect.NativeMethodAccessorImpl.invoke(NativeMethodAccessorImpl.java:62)
	at sun.reflect.DelegatingMethodAccessorImpl.invoke(DelegatingMethodAccessorImpl.java:43)
	at java.lang.reflect.Method.invoke(Method.java:483)
	at org.apache.catalina.startup.Bootstrap.stopServer(Bootstrap.java:370)
	at org.apache.catalina.startup.Bootstrap.main(Bootstrap.java:457)

–∞–≤–≥ 02, 2014 12:23:17 PM org.apache.catalina.core.AprLifecycleListener init
INFO: The APR based Apache Tomcat Native library which allows optimal performance in production environments was not found on the java.library.path: C:\Program Files\Java\jdk1.8.0_11\bin;C:\Windows\Sun\Java\bin;C:\Windows\system32;C:\Windows;C:\Program Files (x86)\NVIDIA Corporation\PhysX\Common;C:\Windows\system32;C:\Windows;C:\Windows\System32\Wbem;C:\Windows\System32\WindowsPowerShell\v1.0\;c:\Program Files (x86)\Microsoft SQL Server\100\Tools\Binn\;c:\Program Files\Microsoft SQL Server\100\Tools\Binn\;c:\Program Files\Microsoft SQL Server\100\DTS\Binn\;C:\Program Files (x86)\Autodesk\Backburner\;C:\Program Files (x86)\MySQL\MySQL Utilities 1.3.6\;.
–∞–≤–≥ 02, 2014 12:23:18 PM org.apache.coyote.AbstractProtocol init
INFO: Initializing ProtocolHandler ["http-bio-8080"]
–∞–≤–≥ 02, 2014 12:23:18 PM org.apache.coyote.AbstractProtocol init
INFO: Initializing ProtocolHandler ["ajp-bio-8009"]
–∞–≤–≥ 02, 2014 12:23:18 PM org.apache.catalina.startup.Catalina load
INFO: Initialization processed in 1289 ms
–∞–≤–≥ 02, 2014 12:23:18 PM org.apache.catalina.core.StandardService startInternal
INFO: Starting service Catalina
–∞–≤–≥ 02, 2014 12:23:18 PM org.apache.catalina.core.StandardEngine startInternal
INFO: Starting Servlet Engine: Apache Tomcat/7.0.53
–∞–≤–≥ 02, 2014 12:23:18 PM org.apache.catalina.startup.HostConfig deployDirectory
INFO: Deploying web application directory C:\Users\KrasikovVE\Desktop\Java\–ü—Ä–∏–ª–æ–∂–µ–Ω–∏–µ –Ω–∞ –æ—Å–Ω–æ–≤–µ —à–∞–±–ª–æ–Ω–∞\build\tomcat\webapps\app
–∞–≤–≥ 02, 2014 12:23:18 PM org.apache.tomcat.util.digester.SetPropertiesRule begin
WARNING: [SetPropertiesRule]{Context/Manager} Setting property 'debug' to '0' did not find a matching property.
–∞–≤–≥ 02, 2014 12:23:19 PM com.haulmont.cuba.core.sys.logging.CubaLog4jConfigurator doConfigure
INFO: Configuring log4j from file:/C:\Users\KrasikovVE\Desktop\Java\–ü—Ä–∏–ª–æ–∂–µ–Ω–∏–µ –Ω–∞ –æ—Å–Ω–æ–≤–µ —à–∞–±–ª–æ–Ω–∞\build\tomcat/conf/log4j.xml
–∞–≤–≥ 02, 2014 12:23:26 PM org.apache.catalina.startup.HostConfig deployDirectory
INFO: Deploying web application directory C:\Users\KrasikovVE\Desktop\Java\–ü—Ä–∏–ª–æ–∂–µ–Ω–∏–µ –Ω–∞ –æ—Å–Ω–æ–≤–µ —à–∞–±–ª–æ–Ω–∞\build\tomcat\webapps\app-core
–∞–≤–≥ 02, 2014 12:23:26 PM org.apache.tomcat.util.digester.SetPropertiesRule begin
WARNING: [SetPropertiesRule]{Context/Manager} Setting property 'debug' to '0' did not find a matching property.
–∞–≤–≥ 02, 2014 12:23:36 PM org.apache.coyote.AbstractProtocol start
INFO: Starting ProtocolHandler ["http-bio-8080"]
–∞–≤–≥ 02, 2014 12:23:36 PM org.apache.coyote.AbstractProtocol start
INFO: Starting ProtocolHandler ["ajp-bio-8009"]
–∞–≤–≥ 02, 2014 12:23:36 PM org.apache.catalina.startup.Catalina start
INFO: Server startup in 17829 ms
–∞–≤–≥ 02, 2014 12:24:24 PM com.vaadin.server.DefaultDeploymentConfiguration checkProductionMode
WARNING: 
=================================================================
Vaadin is running in DEBUG MODE.
Add productionMode=true to web.xml to disable debug features.
To show debug window, add ?debug to your application URL.
=================================================================
–∞–≤–≥ 02, 2014 12:43:16 PM org.apache.catalina.core.StandardServer await
INFO: A valid shutdown command was received via the shutdown port. Stopping the Server instance.
–∞–≤–≥ 02, 2014 12:43:16 PM org.apache.coyote.AbstractProtocol pause
INFO: Pausing ProtocolHandler ["http-bio-8080"]
–∞–≤–≥ 02, 2014 12:43:16 PM org.apache.coyote.AbstractProtocol pause
INFO: Pausing ProtocolHandler ["ajp-bio-8009"]
–∞–≤–≥ 02, 2014 12:43:16 PM org.apache.catalina.core.StandardService stopInternal
INFO: Stopping service Catalina
–∞–≤–≥ 02, 2014 12:43:16 PM org.apache.catalina.loader.WebappClassLoader clearReferencesThreads
SEVERE: The web application [/app-core] appears to have started a thread named [Timer-0] but has failed to stop it. This is very likely to create a memory leak.
–∞–≤–≥ 02, 2014 12:43:16 PM org.apache.coyote.AbstractProtocol stop
INFO: Stopping ProtocolHandler ["http-bio-8080"]
–∞–≤–≥ 02, 2014 12:43:16 PM org.apache.coyote.AbstractProtocol stop
INFO: Stopping ProtocolHandler ["ajp-bio-8009"]
–∞–≤–≥ 02, 2014 12:43:16 PM org.apache.coyote.AbstractProtocol destroy
INFO: Destroying ProtocolHandler ["http-bio-8080"]
–∞–≤–≥ 02, 2014 12:43:16 PM org.apache.coyote.AbstractProtocol destroy
INFO: Destroying ProtocolHandler ["ajp-bio-8009"]
‡‚„ 02, 2014 12:46:53 PM org.apache.catalina.startup.Catalina stopServer
SEVERE: Could not contact localhost:8005. Tomcat may not be running.
‡‚„ 02, 2014 12:46:53 PM org.apache.catalina.startup.Catalina stopServer
SEVERE: Catalina.stop: 
java.net.ConnectException: Connection refused: connect
	at java.net.DualStackPlainSocketImpl.connect0(Native Method)
	at java.net.DualStackPlainSocketImpl.socketConnect(DualStackPlainSocketImpl.java:79)
	at java.net.AbstractPlainSocketImpl.doConnect(AbstractPlainSocketImpl.java:345)
	at java.net.AbstractPlainSocketImpl.connectToAddress(AbstractPlainSocketImpl.java:206)
	at java.net.AbstractPlainSocketImpl.connect(AbstractPlainSocketImpl.java:188)
	at java.net.PlainSocketImpl.connect(PlainSocketImpl.java:172)
	at java.net.SocksSocketImpl.connect(SocksSocketImpl.java:392)
	at java.net.Socket.connect(Socket.java:589)
	at java.net.Socket.connect(Socket.java:538)
	at java.net.Socket.<init>(Socket.java:434)
	at java.net.Socket.<init>(Socket.java:211)
	at org.apache.catalina.startup.Catalina.stopServer(Catalina.java:498)
	at sun.reflect.NativeMethodAccessorImpl.invoke0(Native Method)
	at sun.reflect.NativeMethodAccessorImpl.invoke(NativeMethodAccessorImpl.java:62)
	at sun.reflect.DelegatingMethodAccessorImpl.invoke(DelegatingMethodAccessorImpl.java:43)
	at java.lang.reflect.Method.invoke(Method.java:483)
	at org.apache.catalina.startup.Bootstrap.stopServer(Bootstrap.java:370)
	at org.apache.catalina.startup.Bootstrap.main(Bootstrap.java:457)

–∞–≤–≥ 02, 2014 12:47:03 PM org.apache.catalina.core.AprLifecycleListener init
INFO: The APR based Apache Tomcat Native library which allows optimal performance in production environments was not found on the java.library.path: C:\Program Files\Java\jdk1.8.0_11\bin;C:\Windows\Sun\Java\bin;C:\Windows\system32;C:\Windows;C:\Program Files (x86)\NVIDIA Corporation\PhysX\Common;C:\Windows\system32;C:\Windows;C:\Windows\System32\Wbem;C:\Windows\System32\WindowsPowerShell\v1.0\;c:\Program Files (x86)\Microsoft SQL Server\100\Tools\Binn\;c:\Program Files\Microsoft SQL Server\100\Tools\Binn\;c:\Program Files\Microsoft SQL Server\100\DTS\Binn\;C:\Program Files (x86)\Autodesk\Backburner\;C:\Program Files (x86)\MySQL\MySQL Utilities 1.3.6\;.
–∞–≤–≥ 02, 2014 12:47:04 PM org.apache.coyote.AbstractProtocol init
INFO: Initializing ProtocolHandler ["http-bio-8080"]
–∞–≤–≥ 02, 2014 12:47:04 PM org.apache.coyote.AbstractProtocol init
INFO: Initializing ProtocolHandler ["ajp-bio-8009"]
–∞–≤–≥ 02, 2014 12:47:04 PM org.apache.catalina.startup.Catalina load
INFO: Initialization processed in 1459 ms
–∞–≤–≥ 02, 2014 12:47:04 PM org.apache.catalina.core.StandardService startInternal
INFO: Starting service Catalina
–∞–≤–≥ 02, 2014 12:47:04 PM org.apache.catalina.core.StandardEngine startInternal
INFO: Starting Servlet Engine: Apache Tomcat/7.0.53
–∞–≤–≥ 02, 2014 12:47:04 PM org.apache.catalina.startup.HostConfig deployDirectory
INFO: Deploying web application directory C:\Users\KrasikovVE\Desktop\Java\–ü—Ä–∏–ª–æ–∂–µ–Ω–∏–µ –Ω–∞ –æ—Å–Ω–æ–≤–µ —à–∞–±–ª–æ–Ω–∞\build\tomcat\webapps\app
–∞–≤–≥ 02, 2014 12:47:05 PM org.apache.tomcat.util.digester.SetPropertiesRule begin
WARNING: [SetPropertiesRule]{Context/Manager} Setting property 'debug' to '0' did not find a matching property.
–∞–≤–≥ 02, 2014 12:47:05 PM com.haulmont.cuba.core.sys.logging.CubaLog4jConfigurator doConfigure
INFO: Configuring log4j from file:/C:\Users\KrasikovVE\Desktop\Java\–ü—Ä–∏–ª–æ–∂–µ–Ω–∏–µ –Ω–∞ –æ—Å–Ω–æ–≤–µ —à–∞–±–ª–æ–Ω–∞\build\tomcat/conf/log4j.xml
–∞–≤–≥ 02, 2014 12:47:14 PM org.apache.catalina.startup.HostConfig deployDirectory
INFO: Deploying web application directory C:\Users\KrasikovVE\Desktop\Java\–ü—Ä–∏–ª–æ–∂–µ–Ω–∏–µ –Ω–∞ –æ—Å–Ω–æ–≤–µ —à–∞–±–ª–æ–Ω–∞\build\tomcat\webapps\app-core
–∞–≤–≥ 02, 2014 12:47:14 PM org.apache.tomcat.util.digester.SetPropertiesRule begin
WARNING: [SetPropertiesRule]{Context/Manager} Setting property 'debug' to '0' did not find a matching property.
–∞–≤–≥ 02, 2014 12:47:24 PM org.apache.coyote.AbstractProtocol start
INFO: Starting ProtocolHandler ["http-bio-8080"]
–∞–≤–≥ 02, 2014 12:47:24 PM org.apache.coyote.AbstractProtocol start
INFO: Starting ProtocolHandler ["ajp-bio-8009"]
–∞–≤–≥ 02, 2014 12:47:24 PM org.apache.catalina.startup.Catalina start
INFO: Server startup in 19357 ms
–∞–≤–≥ 02, 2014 12:47:24 PM com.vaadin.server.DefaultDeploymentConfiguration checkProductionMode
WARNING: 
=================================================================
Vaadin is running in DEBUG MODE.
Add productionMode=true to web.xml to disable debug features.
To show debug window, add ?debug to your application URL.
=================================================================
–∞–≤–≥ 02, 2014 1:00:14 PM org.apache.catalina.core.StandardServer await
INFO: A valid shutdown command was received via the shutdown port. Stopping the Server instance.
–∞–≤–≥ 02, 2014 1:00:14 PM org.apache.coyote.AbstractProtocol pause
INFO: Pausing ProtocolHandler ["http-bio-8080"]
–∞–≤–≥ 02, 2014 1:00:14 PM org.apache.coyote.AbstractProtocol pause
INFO: Pausing ProtocolHandler ["ajp-bio-8009"]
–∞–≤–≥ 02, 2014 1:00:15 PM org.apache.catalina.core.StandardService stopInternal
INFO: Stopping service Catalina
–∞–≤–≥ 02, 2014 1:00:15 PM org.apache.catalina.loader.WebappClassLoader clearReferencesThreads
SEVERE: The web application [/app] appears to have started a thread named [scheduler-2] but has failed to stop it. This is very likely to create a memory leak.
–∞–≤–≥ 02, 2014 1:00:15 PM org.apache.catalina.loader.WebappClassLoader clearReferencesThreads
SEVERE: The web application [/app-core] appears to have started a thread named [Timer-0] but has failed to stop it. This is very likely to create a memory leak.
–∞–≤–≥ 02, 2014 1:00:15 PM org.apache.coyote.AbstractProtocol stop
INFO: Stopping ProtocolHandler ["http-bio-8080"]
–∞–≤–≥ 02, 2014 1:00:15 PM org.apache.coyote.AbstractProtocol stop
INFO: Stopping ProtocolHandler ["ajp-bio-8009"]
–∞–≤–≥ 02, 2014 1:00:15 PM org.apache.coyote.AbstractProtocol destroy
INFO: Destroying ProtocolHandler ["http-bio-8080"]
–∞–≤–≥ 02, 2014 1:00:15 PM org.apache.coyote.AbstractProtocol destroy
INFO: Destroying ProtocolHandler ["ajp-bio-8009"]
–∞–≤–≥ 02, 2014 1:00:26 PM org.apache.catalina.core.AprLifecycleListener init
INFO: The APR based Apache Tomcat Native library which allows optimal performance in production environments was not found on the java.library.path: C:\Program Files\Java\jdk1.8.0_11\bin;C:\Windows\Sun\Java\bin;C:\Windows\system32;C:\Windows;C:\Program Files (x86)\NVIDIA Corporation\PhysX\Common;C:\Windows\system32;C:\Windows;C:\Windows\System32\Wbem;C:\Windows\System32\WindowsPowerShell\v1.0\;c:\Program Files (x86)\Microsoft SQL Server\100\Tools\Binn\;c:\Program Files\Microsoft SQL Server\100\Tools\Binn\;c:\Program Files\Microsoft SQL Server\100\DTS\Binn\;C:\Program Files (x86)\Autodesk\Backburner\;C:\Program Files (x86)\MySQL\MySQL Utilities 1.3.6\;.
–∞–≤–≥ 02, 2014 1:00:28 PM org.apache.coyote.AbstractProtocol init
INFO: Initializing ProtocolHandler ["http-bio-8080"]
–∞–≤–≥ 02, 2014 1:00:28 PM org.apache.coyote.AbstractProtocol init
INFO: Initializing ProtocolHandler ["ajp-bio-8009"]
–∞–≤–≥ 02, 2014 1:00:28 PM org.apache.catalina.startup.Catalina load
INFO: Initialization processed in 2372 ms
–∞–≤–≥ 02, 2014 1:00:28 PM org.apache.catalina.core.StandardService startInternal
INFO: Starting service Catalina
–∞–≤–≥ 02, 2014 1:00:28 PM org.apache.catalina.core.StandardEngine startInternal
INFO: Starting Servlet Engine: Apache Tomcat/7.0.53
–∞–≤–≥ 02, 2014 1:00:28 PM org.apache.catalina.startup.HostConfig deployDirectory
INFO: Deploying web application directory C:\Users\KrasikovVE\Desktop\Java\–ü—Ä–∏–ª–æ–∂–µ–Ω–∏–µ –Ω–∞ –æ—Å–Ω–æ–≤–µ —à–∞–±–ª–æ–Ω–∞\build\tomcat\webapps\app
–∞–≤–≥ 02, 2014 1:00:28 PM org.apache.tomcat.util.digester.SetPropertiesRule begin
WARNING: [SetPropertiesRule]{Context/Manager} Setting property 'debug' to '0' did not find a matching property.
–∞–≤–≥ 02, 2014 1:00:29 PM com.haulmont.cuba.core.sys.logging.CubaLog4jConfigurator doConfigure
INFO: Configuring log4j from file:/C:\Users\KrasikovVE\Desktop\Java\–ü—Ä–∏–ª–æ–∂–µ–Ω–∏–µ –Ω–∞ –æ—Å–Ω–æ–≤–µ —à–∞–±–ª–æ–Ω–∞\build\tomcat/conf/log4j.xml
–∞–≤–≥ 02, 2014 1:00:36 PM org.apache.catalina.startup.HostConfig deployDirectory
INFO: Deploying web application directory C:\Users\KrasikovVE\Desktop\Java\–ü—Ä–∏–ª–æ–∂–µ–Ω–∏–µ –Ω–∞ –æ—Å–Ω–æ–≤–µ —à–∞–±–ª–æ–Ω–∞\build\tomcat\webapps\app-core
–∞–≤–≥ 02, 2014 1:00:36 PM org.apache.tomcat.util.digester.SetPropertiesRule begin
WARNING: [SetPropertiesRule]{Context/Manager} Setting property 'debug' to '0' did not find a matching property.
–∞–≤–≥ 02, 2014 1:00:46 PM org.apache.coyote.AbstractProtocol start
INFO: Starting ProtocolHandler ["http-bio-8080"]
–∞–≤–≥ 02, 2014 1:00:46 PM org.apache.coyote.AbstractProtocol start
INFO: Starting ProtocolHandler ["ajp-bio-8009"]
–∞–≤–≥ 02, 2014 1:00:46 PM org.apache.catalina.startup.Catalina start
INFO: Server startup in 17360 ms
–∞–≤–≥ 02, 2014 1:00:59 PM com.vaadin.server.DefaultDeploymentConfiguration checkProductionMode
WARNING: 
=================================================================
Vaadin is running in DEBUG MODE.
Add productionMode=true to web.xml to disable debug features.
To show debug window, add ?debug to your application URL.
=================================================================
–∞–≤–≥ 02, 2014 1:05:53 PM org.apache.catalina.core.StandardServer await
INFO: A valid shutdown command was received via the shutdown port. Stopping the Server instance.
–∞–≤–≥ 02, 2014 1:05:53 PM org.apache.coyote.AbstractProtocol pause
INFO: Pausing ProtocolHandler ["http-bio-8080"]
–∞–≤–≥ 02, 2014 1:05:54 PM org.apache.coyote.AbstractProtocol pause
INFO: Pausing ProtocolHandler ["ajp-bio-8009"]
–∞–≤–≥ 02, 2014 1:05:54 PM org.apache.catalina.core.StandardService stopInternal
INFO: Stopping service Catalina
–∞–≤–≥ 02, 2014 1:05:54 PM org.apache.catalina.loader.WebappClassLoader clearReferencesThreads
SEVERE: The web application [/app-core] appears to have started a thread named [Timer-0] but has failed to stop it. This is very likely to create a memory leak.
–∞–≤–≥ 02, 2014 1:05:54 PM org.apache.coyote.AbstractProtocol stop
INFO: Stopping ProtocolHandler ["http-bio-8080"]
–∞–≤–≥ 02, 2014 1:05:54 PM org.apache.coyote.AbstractProtocol stop
INFO: Stopping ProtocolHandler ["ajp-bio-8009"]
–∞–≤–≥ 02, 2014 1:05:54 PM org.apache.coyote.AbstractProtocol destroy
INFO: Destroying ProtocolHandler ["http-bio-8080"]
–∞–≤–≥ 02, 2014 1:05:54 PM org.apache.coyote.AbstractProtocol destroy
INFO: Destroying ProtocolHandler ["ajp-bio-8009"]
–∞–≤–≥ 02, 2014 1:06:03 PM org.apache.catalina.core.AprLifecycleListener init
INFO: The APR based Apache Tomcat Native library which allows optimal performance in production environments was not found on the java.library.path: C:\Program Files\Java\jdk1.8.0_11\bin;C:\Windows\Sun\Java\bin;C:\Windows\system32;C:\Windows;C:\Program Files (x86)\NVIDIA Corporation\PhysX\Common;C:\Windows\system32;C:\Windows;C:\Windows\System32\Wbem;C:\Windows\System32\WindowsPowerShell\v1.0\;c:\Program Files (x86)\Microsoft SQL Server\100\Tools\Binn\;c:\Program Files\Microsoft SQL Server\100\Tools\Binn\;c:\Program Files\Microsoft SQL Server\100\DTS\Binn\;C:\Program Files (x86)\Autodesk\Backburner\;C:\Program Files (x86)\MySQL\MySQL Utilities 1.3.6\;.
–∞–≤–≥ 02, 2014 1:06:04 PM org.apache.coyote.AbstractProtocol init
INFO: Initializing ProtocolHandler ["http-bio-8080"]
–∞–≤–≥ 02, 2014 1:06:04 PM org.apache.coyote.AbstractProtocol init
INFO: Initializing ProtocolHandler ["ajp-bio-8009"]
–∞–≤–≥ 02, 2014 1:06:04 PM org.apache.catalina.startup.Catalina load
INFO: Initialization processed in 1939 ms
–∞–≤–≥ 02, 2014 1:06:04 PM org.apache.catalina.core.StandardService startInternal
INFO: Starting service Catalina
–∞–≤–≥ 02, 2014 1:06:04 PM org.apache.catalina.core.StandardEngine startInternal
INFO: Starting Servlet Engine: Apache Tomcat/7.0.53
–∞–≤–≥ 02, 2014 1:06:04 PM org.apache.catalina.startup.HostConfig deployDirectory
INFO: Deploying web application directory C:\Users\KrasikovVE\Desktop\Java\–ü—Ä–∏–ª–æ–∂–µ–Ω–∏–µ –Ω–∞ –æ—Å–Ω–æ–≤–µ —à–∞–±–ª–æ–Ω–∞\build\tomcat\webapps\app
–∞–≤–≥ 02, 2014 1:06:04 PM org.apache.tomcat.util.digester.SetPropertiesRule begin
WARNING: [SetPropertiesRule]{Context/Manager} Setting property 'debug' to '0' did not find a matching property.
–∞–≤–≥ 02, 2014 1:06:05 PM com.haulmont.cuba.core.sys.logging.CubaLog4jConfigurator doConfigure
INFO: Configuring log4j from file:/C:\Users\KrasikovVE\Desktop\Java\–ü—Ä–∏–ª–æ–∂–µ–Ω–∏–µ –Ω–∞ –æ—Å–Ω–æ–≤–µ —à–∞–±–ª–æ–Ω–∞\build\tomcat/conf/log4j.xml
–∞–≤–≥ 02, 2014 1:06:13 PM org.apache.catalina.startup.HostConfig deployDirectory
INFO: Deploying web application directory C:\Users\KrasikovVE\Desktop\Java\–ü—Ä–∏–ª–æ–∂–µ–Ω–∏–µ –Ω–∞ –æ—Å–Ω–æ–≤–µ —à–∞–±–ª–æ–Ω–∞\build\tomcat\webapps\app-core
–∞–≤–≥ 02, 2014 1:06:13 PM org.apache.tomcat.util.digester.SetPropertiesRule begin
WARNING: [SetPropertiesRule]{Context/Manager} Setting property 'debug' to '0' did not find a matching property.
–∞–≤–≥ 02, 2014 1:06:22 PM org.apache.coyote.AbstractProtocol start
INFO: Starting ProtocolHandler ["http-bio-8080"]
–∞–≤–≥ 02, 2014 1:06:22 PM org.apache.coyote.AbstractProtocol start
INFO: Starting ProtocolHandler ["ajp-bio-8009"]
–∞–≤–≥ 02, 2014 1:06:22 PM org.apache.catalina.startup.Catalina start
INFO: Server startup in 18047 ms
–∞–≤–≥ 02, 2014 1:06:22 PM com.vaadin.server.DefaultDeploymentConfiguration checkProductionMode
WARNING: 
=================================================================
Vaadin is running in DEBUG MODE.
Add productionMode=true to web.xml to disable debug features.
To show debug window, add ?debug to your application URL.
=================================================================
–∞–≤–≥ 02, 2014 1:20:11 PM org.apache.catalina.core.StandardServer await
INFO: A valid shutdown command was received via the shutdown port. Stopping the Server instance.
–∞–≤–≥ 02, 2014 1:20:12 PM org.apache.coyote.AbstractProtocol pause
INFO: Pausing ProtocolHandler ["http-bio-8080"]
–∞–≤–≥ 02, 2014 1:20:12 PM org.apache.coyote.AbstractProtocol pause
INFO: Pausing ProtocolHandler ["ajp-bio-8009"]
–∞–≤–≥ 02, 2014 1:20:12 PM org.apache.catalina.core.StandardService stopInternal
INFO: Stopping service Catalina
–∞–≤–≥ 02, 2014 1:20:12 PM org.apache.catalina.loader.WebappClassLoader clearReferencesThreads
SEVERE: The web application [/app] appears to have started a thread named [scheduler-2] but has failed to stop it. This is very likely to create a memory leak.
–∞–≤–≥ 02, 2014 1:20:12 PM org.apache.catalina.loader.WebappClassLoader clearReferencesThreads
SEVERE: The web application [/app] appears to have started a thread named [scheduler-6] but has failed to stop it. This is very likely to create a memory leak.
–∞–≤–≥ 02, 2014 1:20:12 PM org.apache.catalina.loader.WebappClassLoader clearReferencesThreads
SEVERE: The web application [/app] appears to have started a thread named [scheduler-10] but has failed to stop it. This is very likely to create a memory leak.
–∞–≤–≥ 02, 2014 1:20:12 PM org.apache.catalina.loader.WebappClassLoader clearReferencesThreads
SEVERE: The web application [/app-core] appears to have started a thread named [Timer-0] but has failed to stop it. This is very likely to create a memory leak.
–∞–≤–≥ 02, 2014 1:20:12 PM org.apache.catalina.loader.WebappClassLoader clearReferencesThreads
SEVERE: The web application [/app-core] appears to have started a thread named [scheduler-2] but has failed to stop it. This is very likely to create a memory leak.
–∞–≤–≥ 02, 2014 1:20:12 PM org.apache.catalina.loader.WebappClassLoader clearReferencesThreads
SEVERE: The web application [/app-core] appears to have started a thread named [scheduler-6] but has failed to stop it. This is very likely to create a memory leak.
–∞–≤–≥ 02, 2014 1:20:12 PM org.apache.catalina.loader.WebappClassLoader clearReferencesThreads
SEVERE: The web application [/app-core] appears to have started a thread named [scheduler-10] but has failed to stop it. This is very likely to create a memory leak.
–∞–≤–≥ 02, 2014 1:20:12 PM org.apache.coyote.AbstractProtocol stop
INFO: Stopping ProtocolHandler ["http-bio-8080"]
–∞–≤–≥ 02, 2014 1:20:12 PM org.apache.coyote.AbstractProtocol stop
INFO: Stopping ProtocolHandler ["ajp-bio-8009"]
–∞–≤–≥ 02, 2014 1:20:12 PM org.apache.coyote.AbstractProtocol destroy
INFO: Destroying ProtocolHandler ["http-bio-8080"]
–∞–≤–≥ 02, 2014 1:20:12 PM org.apache.coyote.AbstractProtocol destroy
INFO: Destroying ProtocolHandler ["ajp-bio-8009"]
–∞–≤–≥ 02, 2014 1:20:21 PM org.apache.catalina.core.AprLifecycleListener init
INFO: The APR based Apache Tomcat Native library which allows optimal performance in production environments was not found on the java.library.path: C:\Program Files\Java\jdk1.8.0_11\bin;C:\Windows\Sun\Java\bin;C:\Windows\system32;C:\Windows;C:\Program Files (x86)\NVIDIA Corporation\PhysX\Common;C:\Windows\system32;C:\Windows;C:\Windows\System32\Wbem;C:\Windows\System32\WindowsPowerShell\v1.0\;c:\Program Files (x86)\Microsoft SQL Server\100\Tools\Binn\;c:\Program Files\Microsoft SQL Server\100\Tools\Binn\;c:\Program Files\Microsoft SQL Server\100\DTS\Binn\;C:\Program Files (x86)\Autodesk\Backburner\;C:\Program Files (x86)\MySQL\MySQL Utilities 1.3.6\;.
–∞–≤–≥ 02, 2014 1:20:22 PM org.apache.coyote.AbstractProtocol init
INFO: Initializing ProtocolHandler ["http-bio-8080"]
–∞–≤–≥ 02, 2014 1:20:22 PM org.apache.coyote.AbstractProtocol init
INFO: Initializing ProtocolHandler ["ajp-bio-8009"]
–∞–≤–≥ 02, 2014 1:20:22 PM org.apache.catalina.startup.Catalina load
INFO: Initialization processed in 1554 ms
–∞–≤–≥ 02, 2014 1:20:23 PM org.apache.catalina.core.StandardService startInternal
INFO: Starting service Catalina
–∞–≤–≥ 02, 2014 1:20:23 PM org.apache.catalina.core.StandardEngine startInternal
INFO: Starting Servlet Engine: Apache Tomcat/7.0.53
–∞–≤–≥ 02, 2014 1:20:23 PM org.apache.catalina.startup.HostConfig deployDirectory
INFO: Deploying web application directory C:\Users\KrasikovVE\Desktop\Java\–ü—Ä–∏–ª–æ–∂–µ–Ω–∏–µ –Ω–∞ –æ—Å–Ω–æ–≤–µ —à–∞–±–ª–æ–Ω–∞\build\tomcat\webapps\app
–∞–≤–≥ 02, 2014 1:20:23 PM org.apache.tomcat.util.digester.SetPropertiesRule begin
WARNING: [SetPropertiesRule]{Context/Manager} Setting property 'debug' to '0' did not find a matching property.
–∞–≤–≥ 02, 2014 1:20:25 PM com.haulmont.cuba.core.sys.logging.CubaLog4jConfigurator doConfigure
INFO: Configuring log4j from file:/C:\Users\KrasikovVE\Desktop\Java\–ü—Ä–∏–ª–æ–∂–µ–Ω–∏–µ –Ω–∞ –æ—Å–Ω–æ–≤–µ —à–∞–±–ª–æ–Ω–∞\build\tomcat/conf/log4j.xml
–∞–≤–≥ 02, 2014 1:20:32 PM org.apache.catalina.startup.HostConfig deployDirectory
INFO: Deploying web application directory C:\Users\KrasikovVE\Desktop\Java\–ü—Ä–∏–ª–æ–∂–µ–Ω–∏–µ –Ω–∞ –æ—Å–Ω–æ–≤–µ —à–∞–±–ª–æ–Ω–∞\build\tomcat\webapps\app-core
–∞–≤–≥ 02, 2014 1:20:32 PM org.apache.tomcat.util.digester.SetPropertiesRule begin
WARNING: [SetPropertiesRule]{Context/Manager} Setting property 'debug' to '0' did not find a matching property.
–∞–≤–≥ 02, 2014 1:20:41 PM org.apache.coyote.AbstractProtocol start
INFO: Starting ProtocolHandler ["http-bio-8080"]
–∞–≤–≥ 02, 2014 1:20:41 PM org.apache.coyote.AbstractProtocol start
INFO: Starting ProtocolHandler ["ajp-bio-8009"]
–∞–≤–≥ 02, 2014 1:20:41 PM org.apache.catalina.startup.Catalina start
INFO: Server startup in 18910 ms
–∞–≤–≥ 02, 2014 1:20:42 PM com.vaadin.server.DefaultDeploymentConfiguration checkProductionMode
WARNING: 
=================================================================
Vaadin is running in DEBUG MODE.
Add productionMode=true to web.xml to disable debug features.
To show debug window, add ?debug to your application URL.
=================================================================
–∞–≤–≥ 02, 2014 1:23:00 PM org.apache.catalina.core.StandardServer await
INFO: A valid shutdown command was received via the shutdown port. Stopping the Server instance.
–∞–≤–≥ 02, 2014 1:23:00 PM org.apache.coyote.AbstractProtocol pause
INFO: Pausing ProtocolHandler ["http-bio-8080"]
–∞–≤–≥ 02, 2014 1:23:00 PM org.apache.coyote.AbstractProtocol pause
INFO: Pausing ProtocolHandler ["ajp-bio-8009"]
–∞–≤–≥ 02, 2014 1:23:00 PM org.apache.catalina.core.StandardService stopInternal
INFO: Stopping service Catalina
–∞–≤–≥ 02, 2014 1:23:01 PM org.apache.catalina.loader.WebappClassLoader clearReferencesThreads
SEVERE: The web application [/app-core] appears to have started a thread named [Timer-0] but has failed to stop it. This is very likely to create a memory leak.
–∞–≤–≥ 02, 2014 1:23:01 PM org.apache.catalina.loader.WebappClassLoader clearReferencesThreads
SEVERE: The web application [/app-core] appears to have started a thread named [scheduler-2] but has failed to stop it. This is very likely to create a memory leak.
–∞–≤–≥ 02, 2014 1:23:01 PM org.apache.catalina.loader.WebappClassLoader clearReferencesThreads
SEVERE: The web application [/app-core] appears to have started a thread named [scheduler-6] but has failed to stop it. This is very likely to create a memory leak.
–∞–≤–≥ 02, 2014 1:23:01 PM org.apache.catalina.loader.WebappClassLoader clearReferencesThreads
SEVERE: The web application [/app-core] appears to have started a thread named [scheduler-10] but has failed to stop it. This is very likely to create a memory leak.
–∞–≤–≥ 02, 2014 1:23:01 PM org.apache.coyote.AbstractProtocol stop
INFO: Stopping ProtocolHandler ["http-bio-8080"]
–∞–≤–≥ 02, 2014 1:23:01 PM org.apache.coyote.AbstractProtocol stop
INFO: Stopping ProtocolHandler ["ajp-bio-8009"]
–∞–≤–≥ 02, 2014 1:23:01 PM org.apache.coyote.AbstractProtocol destroy
INFO: Destroying ProtocolHandler ["http-bio-8080"]
–∞–≤–≥ 02, 2014 1:23:01 PM org.apache.coyote.AbstractProtocol destroy
INFO: Destroying ProtocolHandler ["ajp-bio-8009"]
–∞–≤–≥ 02, 2014 1:23:10 PM org.apache.catalina.core.AprLifecycleListener init
INFO: The APR based Apache Tomcat Native library which allows optimal performance in production environments was not found on the java.library.path: C:\Program Files\Java\jdk1.8.0_11\bin;C:\Windows\Sun\Java\bin;C:\Windows\system32;C:\Windows;C:\Program Files (x86)\NVIDIA Corporation\PhysX\Common;C:\Windows\system32;C:\Windows;C:\Windows\System32\Wbem;C:\Windows\System32\WindowsPowerShell\v1.0\;c:\Program Files (x86)\Microsoft SQL Server\100\Tools\Binn\;c:\Program Files\Microsoft SQL Server\100\Tools\Binn\;c:\Program Files\Microsoft SQL Server\100\DTS\Binn\;C:\Program Files (x86)\Autodesk\Backburner\;C:\Program Files (x86)\MySQL\MySQL Utilities 1.3.6\;.
–∞–≤–≥ 02, 2014 1:23:11 PM org.apache.coyote.AbstractProtocol init
INFO: Initializing ProtocolHandler ["http-bio-8080"]
–∞–≤–≥ 02, 2014 1:23:11 PM org.apache.coyote.AbstractProtocol init
INFO: Initializing ProtocolHandler ["ajp-bio-8009"]
–∞–≤–≥ 02, 2014 1:23:11 PM org.apache.catalina.startup.Catalina load
INFO: Initialization processed in 1448 ms
–∞–≤–≥ 02, 2014 1:23:11 PM org.apache.catalina.core.StandardService startInternal
INFO: Starting service Catalina
–∞–≤–≥ 02, 2014 1:23:11 PM org.apache.catalina.core.StandardEngine startInternal
INFO: Starting Servlet Engine: Apache Tomcat/7.0.53
–∞–≤–≥ 02, 2014 1:23:11 PM org.apache.catalina.startup.HostConfig deployDirectory
INFO: Deploying web application directory C:\Users\KrasikovVE\Desktop\Java\–ü—Ä–∏–ª–æ–∂–µ–Ω–∏–µ –Ω–∞ –æ—Å–Ω–æ–≤–µ —à–∞–±–ª–æ–Ω–∞\build\tomcat\webapps\app
–∞–≤–≥ 02, 2014 1:23:11 PM org.apache.tomcat.util.digester.SetPropertiesRule begin
WARNING: [SetPropertiesRule]{Context/Manager} Setting property 'debug' to '0' did not find a matching property.
–∞–≤–≥ 02, 2014 1:23:12 PM com.haulmont.cuba.core.sys.logging.CubaLog4jConfigurator doConfigure
INFO: Configuring log4j from file:/C:\Users\KrasikovVE\Desktop\Java\–ü—Ä–∏–ª–æ–∂–µ–Ω–∏–µ –Ω–∞ –æ—Å–Ω–æ–≤–µ —à–∞–±–ª–æ–Ω–∞\build\tomcat/conf/log4j.xml
–∞–≤–≥ 02, 2014 1:23:19 PM org.apache.catalina.startup.HostConfig deployDirectory
INFO: Deploying web application directory C:\Users\KrasikovVE\Desktop\Java\–ü—Ä–∏–ª–æ–∂–µ–Ω–∏–µ –Ω–∞ –æ—Å–Ω–æ–≤–µ —à–∞–±–ª–æ–Ω–∞\build\tomcat\webapps\app-core
–∞–≤–≥ 02, 2014 1:23:19 PM org.apache.tomcat.util.digester.SetPropertiesRule begin
WARNING: [SetPropertiesRule]{Context/Manager} Setting property 'debug' to '0' did not find a matching property.
–∞–≤–≥ 02, 2014 1:23:29 PM org.apache.coyote.AbstractProtocol start
INFO: Starting ProtocolHandler ["http-bio-8080"]
–∞–≤–≥ 02, 2014 1:23:29 PM org.apache.coyote.AbstractProtocol start
INFO: Starting ProtocolHandler ["ajp-bio-8009"]
–∞–≤–≥ 02, 2014 1:23:29 PM org.apache.catalina.startup.Catalina start
INFO: Server startup in 17866 ms
–∞–≤–≥ 02, 2014 1:23:29 PM com.vaadin.server.DefaultDeploymentConfiguration checkProductionMode
WARNING: 
=================================================================
Vaadin is running in DEBUG MODE.
Add productionMode=true to web.xml to disable debug features.
To show debug window, add ?debug to your application URL.
=================================================================
–∞–≤–≥ 02, 2014 1:25:18 PM org.apache.catalina.core.StandardServer await
INFO: A valid shutdown command was received via the shutdown port. Stopping the Server instance.
–∞–≤–≥ 02, 2014 1:25:18 PM org.apache.coyote.AbstractProtocol pause
INFO: Pausing ProtocolHandler ["http-bio-8080"]
–∞–≤–≥ 02, 2014 1:25:18 PM org.apache.coyote.AbstractProtocol pause
INFO: Pausing ProtocolHandler ["ajp-bio-8009"]
–∞–≤–≥ 02, 2014 1:25:18 PM org.apache.catalina.core.StandardService stopInternal
INFO: Stopping service Catalina
–∞–≤–≥ 02, 2014 1:25:18 PM org.apache.catalina.loader.WebappClassLoader clearReferencesThreads
SEVERE: The web application [/app] appears to have started a thread named [scheduler-1] but has failed to stop it. This is very likely to create a memory leak.
–∞–≤–≥ 02, 2014 1:25:18 PM org.apache.catalina.loader.WebappClassLoader clearReferencesThreads
SEVERE: The web application [/app] appears to have started a thread named [scheduler-6] but has failed to stop it. This is very likely to create a memory leak.
–∞–≤–≥ 02, 2014 1:25:18 PM org.apache.catalina.loader.WebappClassLoader clearReferencesThreads
SEVERE: The web application [/app-core] appears to have started a thread named [Timer-0] but has failed to stop it. This is very likely to create a memory leak.
–∞–≤–≥ 02, 2014 1:25:18 PM org.apache.coyote.AbstractProtocol stop
INFO: Stopping ProtocolHandler ["http-bio-8080"]
–∞–≤–≥ 02, 2014 1:25:18 PM org.apache.coyote.AbstractProtocol stop
INFO: Stopping ProtocolHandler ["ajp-bio-8009"]
–∞–≤–≥ 02, 2014 1:25:18 PM org.apache.coyote.AbstractProtocol destroy
INFO: Destroying ProtocolHandler ["http-bio-8080"]
–∞–≤–≥ 02, 2014 1:25:18 PM org.apache.coyote.AbstractProtocol destroy
INFO: Destroying ProtocolHandler ["ajp-bio-8009"]
