авг 31, 2014 11:29:56 AM org.apache.catalina.core.AprLifecycleListener init
INFO: The APR based Apache Tomcat Native library which allows optimal performance in production environments was not found on the java.library.path: C:\Program Files\Java\jdk1.8.0_11\bin;C:\Windows\Sun\Java\bin;C:\Windows\system32;C:\Windows;C:\Program Files (x86)\NVIDIA Corporation\PhysX\Common;C:\Windows\system32;C:\Windows;C:\Windows\System32\Wbem;C:\Windows\System32\WindowsPowerShell\v1.0\;c:\Program Files (x86)\Microsoft SQL Server\100\Tools\Binn\;c:\Program Files\Microsoft SQL Server\100\Tools\Binn\;c:\Program Files\Microsoft SQL Server\100\DTS\Binn\;C:\Program Files (x86)\Autodesk\Backburner\;C:\Program Files (x86)\MySQL\MySQL Utilities 1.3.6\;C:\Program Files (x86)\Git\cmd;.
авг 31, 2014 11:30:01 AM org.apache.coyote.AbstractProtocol init
INFO: Initializing ProtocolHandler ["http-bio-8080"]
авг 31, 2014 11:30:01 AM org.apache.coyote.AbstractProtocol init
INFO: Initializing ProtocolHandler ["ajp-bio-8009"]
авг 31, 2014 11:30:01 AM org.apache.catalina.startup.Catalina load
INFO: Initialization processed in 5352 ms
авг 31, 2014 11:30:01 AM org.apache.catalina.core.StandardService startInternal
INFO: Starting service Catalina
авг 31, 2014 11:30:01 AM org.apache.catalina.core.StandardEngine startInternal
INFO: Starting Servlet Engine: Apache Tomcat/7.0.53
авг 31, 2014 11:30:01 AM org.apache.catalina.startup.HostConfig deployDirectory
INFO: Deploying web application directory C:\Users\KrasikovVE\Desktop\Java\Приложение на основе шаблона\build\tomcat\webapps\app
авг 31, 2014 11:30:01 AM org.apache.tomcat.util.digester.SetPropertiesRule begin
WARNING: [SetPropertiesRule]{Context/Manager} Setting property 'debug' to '0' did not find a matching property.
авг 31, 2014 11:30:03 AM com.haulmont.cuba.core.sys.logging.CubaLog4jConfigurator doConfigure
INFO: Configuring log4j from file:/C:\Users\KrasikovVE\Desktop\Java\Приложение на основе шаблона\build\tomcat/conf/log4j.xml
авг 31, 2014 11:30:12 AM org.apache.catalina.startup.HostConfig deployDirectory
INFO: Deploying web application directory C:\Users\KrasikovVE\Desktop\Java\Приложение на основе шаблона\build\tomcat\webapps\app-core
авг 31, 2014 11:30:12 AM org.apache.tomcat.util.digester.SetPropertiesRule begin
WARNING: [SetPropertiesRule]{Context/Manager} Setting property 'debug' to '0' did not find a matching property.
авг 31, 2014 11:30:23 AM org.apache.coyote.AbstractProtocol start
INFO: Starting ProtocolHandler ["http-bio-8080"]
авг 31, 2014 11:30:23 AM org.apache.coyote.AbstractProtocol start
INFO: Starting ProtocolHandler ["ajp-bio-8009"]
авг 31, 2014 11:30:23 AM org.apache.catalina.startup.Catalina start
INFO: Server startup in 21767 ms
авг 31, 2014 11:30:23 AM com.vaadin.server.DefaultDeploymentConfiguration checkProductionMode
WARNING: 
=================================================================
Vaadin is running in DEBUG MODE.
Add productionMode=true to web.xml to disable debug features.
To show debug window, add ?debug to your application URL.
=================================================================
авг 31, 2014 11:31:09 AM org.apache.catalina.core.StandardServer await
INFO: A valid shutdown command was received via the shutdown port. Stopping the Server instance.
авг 31, 2014 11:31:09 AM org.apache.coyote.AbstractProtocol pause
INFO: Pausing ProtocolHandler ["http-bio-8080"]
авг 31, 2014 11:31:09 AM org.apache.coyote.AbstractProtocol pause
INFO: Pausing ProtocolHandler ["ajp-bio-8009"]
авг 31, 2014 11:31:09 AM org.apache.catalina.core.StandardService stopInternal
INFO: Stopping service Catalina
авг 31, 2014 11:31:10 AM org.apache.catalina.loader.WebappClassLoader clearReferencesThreads
SEVERE: The web application [/app] appears to have started a thread named [scheduler-2] but has failed to stop it. This is very likely to create a memory leak.
авг 31, 2014 11:31:10 AM org.apache.catalina.loader.WebappClassLoader clearReferencesThreads
SEVERE: The web application [/app] appears to have started a thread named [scheduler-5] but has failed to stop it. This is very likely to create a memory leak.
авг 31, 2014 11:31:10 AM org.apache.catalina.loader.WebappClassLoader clearReferencesThreads
SEVERE: The web application [/app] appears to have started a thread named [scheduler-6] but has failed to stop it. This is very likely to create a memory leak.
авг 31, 2014 11:31:10 AM org.apache.catalina.loader.WebappClassLoader clearReferencesThreads
SEVERE: The web application [/app] appears to have started a thread named [scheduler-8] but has failed to stop it. This is very likely to create a memory leak.
авг 31, 2014 11:31:11 AM org.apache.catalina.loader.WebappClassLoader clearReferencesThreads
SEVERE: The web application [/app-core] appears to have started a thread named [Timer-0] but has failed to stop it. This is very likely to create a memory leak.
авг 31, 2014 11:31:11 AM org.apache.coyote.AbstractProtocol stop
INFO: Stopping ProtocolHandler ["http-bio-8080"]
авг 31, 2014 11:31:11 AM org.apache.coyote.AbstractProtocol stop
INFO: Stopping ProtocolHandler ["ajp-bio-8009"]
авг 31, 2014 11:31:11 AM org.apache.coyote.AbstractProtocol destroy
INFO: Destroying ProtocolHandler ["http-bio-8080"]
авг 31, 2014 11:31:11 AM org.apache.coyote.AbstractProtocol destroy
INFO: Destroying ProtocolHandler ["ajp-bio-8009"]
авг 31, 2014 11:31:58 AM org.apache.catalina.core.AprLifecycleListener init
INFO: The APR based Apache Tomcat Native library which allows optimal performance in production environments was not found on the java.library.path: C:\Program Files\Java\jdk1.8.0_11\bin;C:\Windows\Sun\Java\bin;C:\Windows\system32;C:\Windows;C:\Program Files (x86)\NVIDIA Corporation\PhysX\Common;C:\Windows\system32;C:\Windows;C:\Windows\System32\Wbem;C:\Windows\System32\WindowsPowerShell\v1.0\;c:\Program Files (x86)\Microsoft SQL Server\100\Tools\Binn\;c:\Program Files\Microsoft SQL Server\100\Tools\Binn\;c:\Program Files\Microsoft SQL Server\100\DTS\Binn\;C:\Program Files (x86)\Autodesk\Backburner\;C:\Program Files (x86)\MySQL\MySQL Utilities 1.3.6\;C:\Program Files (x86)\Git\cmd;.
авг 31, 2014 11:31:59 AM org.apache.coyote.AbstractProtocol init
INFO: Initializing ProtocolHandler ["http-bio-8080"]
авг 31, 2014 11:31:59 AM org.apache.coyote.AbstractProtocol init
INFO: Initializing ProtocolHandler ["ajp-bio-8009"]
авг 31, 2014 11:31:59 AM org.apache.catalina.startup.Catalina load
INFO: Initialization processed in 1852 ms
авг 31, 2014 11:31:59 AM org.apache.catalina.core.StandardService startInternal
INFO: Starting service Catalina
авг 31, 2014 11:31:59 AM org.apache.catalina.core.StandardEngine startInternal
INFO: Starting Servlet Engine: Apache Tomcat/7.0.53
авг 31, 2014 11:31:59 AM org.apache.catalina.startup.HostConfig deployDirectory
INFO: Deploying web application directory C:\Users\KrasikovVE\Desktop\Java\Приложение на основе шаблона\build\tomcat\webapps\app
авг 31, 2014 11:31:59 AM org.apache.tomcat.util.digester.SetPropertiesRule begin
WARNING: [SetPropertiesRule]{Context/Manager} Setting property 'debug' to '0' did not find a matching property.
авг 31, 2014 11:32:00 AM com.haulmont.cuba.core.sys.logging.CubaLog4jConfigurator doConfigure
INFO: Configuring log4j from file:/C:\Users\KrasikovVE\Desktop\Java\Приложение на основе шаблона\build\tomcat/conf/log4j.xml
авг 31, 2014 11:32:07 AM org.apache.catalina.startup.HostConfig deployDirectory
INFO: Deploying web application directory C:\Users\KrasikovVE\Desktop\Java\Приложение на основе шаблона\build\tomcat\webapps\app-core
авг 31, 2014 11:32:07 AM org.apache.tomcat.util.digester.SetPropertiesRule begin
WARNING: [SetPropertiesRule]{Context/Manager} Setting property 'debug' to '0' did not find a matching property.
авг 31, 2014 11:32:16 AM org.apache.coyote.AbstractProtocol start
INFO: Starting ProtocolHandler ["http-bio-8080"]
авг 31, 2014 11:32:16 AM org.apache.coyote.AbstractProtocol start
INFO: Starting ProtocolHandler ["ajp-bio-8009"]
авг 31, 2014 11:32:16 AM org.apache.catalina.startup.Catalina start
INFO: Server startup in 17369 ms
авг 31, 2014 11:32:17 AM com.vaadin.server.DefaultDeploymentConfiguration checkProductionMode
WARNING: 
=================================================================
Vaadin is running in DEBUG MODE.
Add productionMode=true to web.xml to disable debug features.
To show debug window, add ?debug to your application URL.
=================================================================
