авг 02, 2014 11:41:44 AM org.apache.catalina.core.ApplicationContext log
INFO: No Spring WebApplicationInitializer types detected on classpath
авг 02, 2014 11:41:50 AM org.apache.catalina.core.ApplicationContext log
INFO: Initializing Spring FrameworkServlet 'dispatcher'
авг 02, 2014 11:41:52 AM org.apache.catalina.core.ApplicationContext log
INFO: No Spring WebApplicationInitializer types detected on classpath
авг 02, 2014 11:42:00 AM org.apache.catalina.core.ApplicationContext log
INFO: Initializing Spring FrameworkServlet 'remoting'
авг 02, 2014 11:43:39 AM org.apache.catalina.core.ApplicationContext log
INFO: Destroying Spring FrameworkServlet 'dispatcher'
авг 02, 2014 11:43:39 AM org.apache.catalina.core.ApplicationContext log
INFO: Destroying Spring FrameworkServlet 'remoting'
авг 02, 2014 12:11:58 PM org.apache.catalina.core.ApplicationContext log
INFO: No Spring WebApplicationInitializer types detected on classpath
авг 02, 2014 12:12:05 PM org.apache.catalina.core.ApplicationContext log
INFO: Initializing Spring FrameworkServlet 'dispatcher'
авг 02, 2014 12:12:06 PM org.apache.catalina.core.ApplicationContext log
INFO: No Spring WebApplicationInitializer types detected on classpath
авг 02, 2014 12:12:14 PM org.apache.catalina.core.ApplicationContext log
INFO: Initializing Spring FrameworkServlet 'remoting'
авг 02, 2014 12:13:03 PM org.apache.catalina.core.ApplicationContext log
INFO: Destroying Spring FrameworkServlet 'dispatcher'
авг 02, 2014 12:13:03 PM org.apache.catalina.core.ApplicationContext log
INFO: Destroying Spring FrameworkServlet 'remoting'
авг 02, 2014 12:23:19 PM org.apache.catalina.core.ApplicationContext log
INFO: No Spring WebApplicationInitializer types detected on classpath
авг 02, 2014 12:23:25 PM org.apache.catalina.core.ApplicationContext log
INFO: Initializing Spring FrameworkServlet 'dispatcher'
авг 02, 2014 12:23:27 PM org.apache.catalina.core.ApplicationContext log
INFO: No Spring WebApplicationInitializer types detected on classpath
авг 02, 2014 12:23:35 PM org.apache.catalina.core.ApplicationContext log
INFO: Initializing Spring FrameworkServlet 'remoting'
авг 02, 2014 12:43:16 PM org.apache.catalina.core.ApplicationContext log
INFO: Destroying Spring FrameworkServlet 'dispatcher'
авг 02, 2014 12:43:16 PM org.apache.catalina.core.ApplicationContext log
INFO: Destroying Spring FrameworkServlet 'remoting'
авг 02, 2014 12:47:05 PM org.apache.catalina.core.ApplicationContext log
INFO: No Spring WebApplicationInitializer types detected on classpath
авг 02, 2014 12:47:12 PM org.apache.catalina.core.ApplicationContext log
INFO: Initializing Spring FrameworkServlet 'dispatcher'
авг 02, 2014 12:47:14 PM org.apache.catalina.core.ApplicationContext log
INFO: No Spring WebApplicationInitializer types detected on classpath
авг 02, 2014 12:47:23 PM org.apache.catalina.core.ApplicationContext log
INFO: Initializing Spring FrameworkServlet 'remoting'
авг 02, 2014 1:00:15 PM org.apache.catalina.core.ApplicationContext log
INFO: Destroying Spring FrameworkServlet 'dispatcher'
авг 02, 2014 1:00:15 PM org.apache.catalina.core.ApplicationContext log
INFO: Destroying Spring FrameworkServlet 'remoting'
авг 02, 2014 1:00:29 PM org.apache.catalina.core.ApplicationContext log
INFO: No Spring WebApplicationInitializer types detected on classpath
авг 02, 2014 1:00:35 PM org.apache.catalina.core.ApplicationContext log
INFO: Initializing Spring FrameworkServlet 'dispatcher'
авг 02, 2014 1:00:36 PM org.apache.catalina.core.ApplicationContext log
INFO: No Spring WebApplicationInitializer types detected on classpath
авг 02, 2014 1:00:45 PM org.apache.catalina.core.ApplicationContext log
INFO: Initializing Spring FrameworkServlet 'remoting'
авг 02, 2014 1:05:54 PM org.apache.catalina.core.ApplicationContext log
INFO: Destroying Spring FrameworkServlet 'dispatcher'
авг 02, 2014 1:05:54 PM org.apache.catalina.core.ApplicationContext log
INFO: Destroying Spring FrameworkServlet 'remoting'
авг 02, 2014 1:06:05 PM org.apache.catalina.core.ApplicationContext log
INFO: No Spring WebApplicationInitializer types detected on classpath
авг 02, 2014 1:06:12 PM org.apache.catalina.core.ApplicationContext log
INFO: Initializing Spring FrameworkServlet 'dispatcher'
авг 02, 2014 1:06:13 PM org.apache.catalina.core.ApplicationContext log
INFO: No Spring WebApplicationInitializer types detected on classpath
авг 02, 2014 1:06:22 PM org.apache.catalina.core.ApplicationContext log
INFO: Initializing Spring FrameworkServlet 'remoting'
авг 02, 2014 1:20:12 PM org.apache.catalina.core.ApplicationContext log
INFO: Destroying Spring FrameworkServlet 'dispatcher'
авг 02, 2014 1:20:12 PM org.apache.catalina.core.ApplicationContext log
INFO: Destroying Spring FrameworkServlet 'remoting'
авг 02, 2014 1:20:25 PM org.apache.catalina.core.ApplicationContext log
INFO: No Spring WebApplicationInitializer types detected on classpath
авг 02, 2014 1:20:31 PM org.apache.catalina.core.ApplicationContext log
INFO: Initializing Spring FrameworkServlet 'dispatcher'
авг 02, 2014 1:20:32 PM org.apache.catalina.core.ApplicationContext log
INFO: No Spring WebApplicationInitializer types detected on classpath
авг 02, 2014 1:20:41 PM org.apache.catalina.core.ApplicationContext log
INFO: Initializing Spring FrameworkServlet 'remoting'
авг 02, 2014 1:23:00 PM org.apache.catalina.core.ApplicationContext log
INFO: Destroying Spring FrameworkServlet 'dispatcher'
авг 02, 2014 1:23:01 PM org.apache.catalina.core.ApplicationContext log
INFO: Destroying Spring FrameworkServlet 'remoting'
авг 02, 2014 1:23:12 PM org.apache.catalina.core.ApplicationContext log
INFO: No Spring WebApplicationInitializer types detected on classpath
авг 02, 2014 1:23:18 PM org.apache.catalina.core.ApplicationContext log
INFO: Initializing Spring FrameworkServlet 'dispatcher'
авг 02, 2014 1:23:19 PM org.apache.catalina.core.ApplicationContext log
INFO: No Spring WebApplicationInitializer types detected on classpath
авг 02, 2014 1:23:28 PM org.apache.catalina.core.ApplicationContext log
INFO: Initializing Spring FrameworkServlet 'remoting'
авг 02, 2014 1:25:18 PM org.apache.catalina.core.ApplicationContext log
INFO: Destroying Spring FrameworkServlet 'dispatcher'
авг 02, 2014 1:25:18 PM org.apache.catalina.core.ApplicationContext log
INFO: Destroying Spring FrameworkServlet 'remoting'
